[19:58:18] [Client thread/INFO]: Setting user: Player859
[19:58:29] [Client thread/INFO]: LWJGL Version: 2.9.4
[19:58:48] [Client thread/INFO]: Reloading ResourceManager: Default, FMLFileResourcePack:Forge Mod Loader, FMLFileResourcePack:Minecraft Forge, FMLFileResourcePack:Elrol's GUI Elevator
[19:58:53] [Sound Library Loader/INFO]: Starting up SoundSystem...
[19:58:54] [Thread-9/INFO]: Initializing LWJGL OpenAL
[19:58:54] [Thread-9/INFO]: (The LWJGL binding of OpenAL.  For more information, see http://www.lwjgl.org)
[19:58:55] [Thread-9/INFO]: OpenAL initialized.
[19:58:55] [Sound Library Loader/INFO]: Sound engine started
[20:00:02] [Client thread/INFO]: Created: 16x16 textures-atlas
[20:00:07] [Client thread/INFO]: Reloading ResourceManager: Default, FMLFileResourcePack:Forge Mod Loader, FMLFileResourcePack:Minecraft Forge, FMLFileResourcePack:Elrol's GUI Elevator
[20:00:07] [Client thread/INFO]: SoundSystem shutting down...
[20:00:07] [Client thread/WARN]: Author: Paul Lamb, www.paulscode.com
[20:00:07] [Sound Library Loader/INFO]: Starting up SoundSystem...
[20:00:08] [Thread-11/INFO]: Initializing LWJGL OpenAL
[20:00:08] [Thread-11/INFO]: (The LWJGL binding of OpenAL.  For more information, see http://www.lwjgl.org)
[20:00:08] [Thread-11/INFO]: OpenAL initialized.
[20:00:08] [Sound Library Loader/INFO]: Sound engine started
[20:00:48] [Client thread/INFO]: Created: 512x512 textures-atlas
[20:01:24] [Server thread/INFO]: Starting integrated minecraft server version 1.8.9
[20:01:24] [Server thread/INFO]: Generating keypair
[20:01:26] [Server thread/INFO]: Preparing start region for level 0
[20:01:27] [Server thread/INFO]: Preparing spawn area: 1%
[20:01:28] [Server thread/INFO]: Preparing spawn area: 20%
[20:01:29] [Server thread/INFO]: Preparing spawn area: 60%
[20:01:31] [Server thread/INFO]: Changing view distance to 2, from 10
[20:01:33] [Client thread/WARN]: Couldn't look up profile properties for com.mojang.authlib.GameProfile@7e1e6f28[id=bd11acc2-8e1a-348b-89a6-a309159aa437,name=Player859,properties={},legacy=false]
com.mojang.authlib.exceptions.AuthenticationUnavailableException: Cannot contact authentication server
	at com.mojang.authlib.yggdrasil.YggdrasilAuthenticationService.makeRequest(YggdrasilAuthenticationService.java:71) ~[YggdrasilAuthenticationService.class:?]
	at com.mojang.authlib.yggdrasil.YggdrasilMinecraftSessionService.fillGameProfile(YggdrasilMinecraftSessionService.java:175) [YggdrasilMinecraftSessionService.class:?]
	at com.mojang.authlib.yggdrasil.YggdrasilMinecraftSessionService.fillProfileProperties(YggdrasilMinecraftSessionService.java:168) [YggdrasilMinecraftSessionService.class:?]
	at net.minecraft.client.Minecraft.launchIntegratedServer(Minecraft.java:2320) [Minecraft.class:?]
	at net.minecraftforge.fml.client.FMLClientHandler.tryLoadExistingWorld(FMLClientHandler.java:698) [FMLClientHandler.class:?]
	at net.minecraft.client.gui.GuiSelectWorld.func_146615_e(GuiSelectWorld.java:199) [GuiSelectWorld.class:?]
	at net.minecraft.client.gui.GuiSelectWorld$List.elementClicked(GuiSelectWorld.java:277) [GuiSelectWorld$List.class:?]
	at net.minecraft.client.gui.GuiSlot.handleMouseInput(GuiSlot.java:337) [GuiSlot.class:?]
	at net.minecraft.client.gui.GuiSelectWorld.handleMouseInput(GuiSelectWorld.java:84) [GuiSelectWorld.class:?]
	at net.minecraft.client.gui.GuiScreen.handleInput(GuiScreen.java:586) [GuiScreen.class:?]
	at net.minecraft.client.Minecraft.runTick(Minecraft.java:1761) [Minecraft.class:?]
	at net.minecraft.client.Minecraft.runGameLoop(Minecraft.java:1080) [Minecraft.class:?]
	at net.minecraft.client.Minecraft.run(Minecraft.java:380) [Minecraft.class:?]
	at net.minecraft.client.main.Main.main(Main.java:116) [Main.class:?]
	at sun.reflect.NativeMethodAccessorImpl.invoke0(Native Method) ~[?:1.8.0_31]
	at sun.reflect.NativeMethodAccessorImpl.invoke(Unknown Source) ~[?:1.8.0_31]
	at sun.reflect.DelegatingMethodAccessorImpl.invoke(Unknown Source) ~[?:1.8.0_31]
	at java.lang.reflect.Method.invoke(Unknown Source) ~[?:1.8.0_31]
	at net.minecraft.launchwrapper.Launch.launch(Launch.java:135) [launchwrapper-1.12.jar:?]
	at net.minecraft.launchwrapper.Launch.main(Launch.java:28) [launchwrapper-1.12.jar:?]
	at sun.reflect.NativeMethodAccessorImpl.invoke0(Native Method) ~[?:1.8.0_31]
	at sun.reflect.NativeMethodAccessorImpl.invoke(Unknown Source) ~[?:1.8.0_31]
	at sun.reflect.DelegatingMethodAccessorImpl.invoke(Unknown Source) ~[?:1.8.0_31]
	at java.lang.reflect.Method.invoke(Unknown Source) ~[?:1.8.0_31]
	at net.minecraftforge.gradle.GradleStartCommon.launch(GradleStartCommon.java:97) [start/:?]
	at GradleStart.main(GradleStart.java:26) [start/:?]
Caused by: java.net.UnknownHostException: sessionserver.mojang.com
	at java.net.AbstractPlainSocketImpl.connect(Unknown Source) ~[?:1.8.0_31]
	at java.net.PlainSocketImpl.connect(Unknown Source) ~[?:1.8.0_31]
	at java.net.SocksSocketImpl.connect(Unknown Source) ~[?:1.8.0_31]
	at java.net.Socket.connect(Unknown Source) ~[?:1.8.0_31]
	at sun.security.ssl.SSLSocketImpl.connect(Unknown Source) ~[?:1.8.0_31]
	at sun.net.NetworkClient.doConnect(Unknown Source) ~[?:1.8.0_31]
	at sun.net.www.http.HttpClient.openServer(Unknown Source) ~[?:1.8.0_31]
	at sun.net.www.http.HttpClient.openServer(Unknown Source) ~[?:1.8.0_31]
	at sun.net.www.protocol.https.HttpsClient.<init>(Unknown Source) ~[?:1.8.0_31]
	at sun.net.www.protocol.https.HttpsClient.New(Unknown Source) ~[?:1.8.0_31]
	at sun.net.www.protocol.https.AbstractDelegateHttpsURLConnection.getNewHttpClient(Unknown Source) ~[?:1.8.0_31]
	at sun.net.www.protocol.http.HttpURLConnection.plainConnect0(Unknown Source) ~[?:1.8.0_31]
	at sun.net.www.protocol.http.HttpURLConnection$6.run(Unknown Source) ~[?:1.8.0_31]
	at sun.net.www.protocol.http.HttpURLConnection$6.run(Unknown Source) ~[?:1.8.0_31]
	at java.security.AccessController.doPrivileged(Native Method) ~[?:1.8.0_31]
	at java.security.AccessController.doPrivileged(Unknown Source) ~[?:1.8.0_31]
	at sun.net.www.protocol.http.HttpURLConnection.plainConnect(Unknown Source) ~[?:1.8.0_31]
	at sun.net.www.protocol.https.AbstractDelegateHttpsURLConnection.connect(Unknown Source) ~[?:1.8.0_31]
	at sun.net.www.protocol.http.HttpURLConnection.getInputStream0(Unknown Source) ~[?:1.8.0_31]
	at sun.net.www.protocol.http.HttpURLConnection.access$200(Unknown Source) ~[?:1.8.0_31]
	at sun.net.www.protocol.http.HttpURLConnection$9.run(Unknown Source) ~[?:1.8.0_31]
	at sun.net.www.protocol.http.HttpURLConnection$9.run(Unknown Source) ~[?:1.8.0_31]
	at java.security.AccessController.doPrivileged(Native Method) ~[?:1.8.0_31]
	at java.security.AccessController.doPrivileged(Unknown Source) ~[?:1.8.0_31]
	at sun.net.www.protocol.http.HttpURLConnection.getInputStream(Unknown Source) ~[?:1.8.0_31]
	at sun.net.www.protocol.https.HttpsURLConnectionImpl.getInputStream(Unknown Source) ~[?:1.8.0_31]
	at com.mojang.authlib.HttpAuthenticationService.performGetRequest(HttpAuthenticationService.java:126) ~[HttpAuthenticationService.class:?]
	at com.mojang.authlib.yggdrasil.YggdrasilAuthenticationService.makeRequest(YggdrasilAuthenticationService.java:54) ~[YggdrasilAuthenticationService.class:?]
	... 25 more
[20:01:34] [Server thread/INFO]: Player859[local:E:107b62e3] logged in with entity id 194 at (-160.4071802238376, 69.0, 108.0806838862171)
[20:01:34] [Server thread/INFO]: Player859 joined the game
[20:01:36] [pool-2-thread-1/WARN]: Couldn't look up profile properties for com.mojang.authlib.GameProfile@64c741a6[id=bd11acc2-8e1a-348b-89a6-a309159aa437,name=Player859,properties={},legacy=false]
com.mojang.authlib.exceptions.AuthenticationUnavailableException: Cannot contact authentication server
	at com.mojang.authlib.yggdrasil.YggdrasilAuthenticationService.makeRequest(YggdrasilAuthenticationService.java:71) ~[YggdrasilAuthenticationService.class:?]
	at com.mojang.authlib.yggdrasil.YggdrasilMinecraftSessionService.fillGameProfile(YggdrasilMinecraftSessionService.java:175) [YggdrasilMinecraftSessionService.class:?]
	at com.mojang.authlib.yggdrasil.YggdrasilMinecraftSessionService$1.load(YggdrasilMinecraftSessionService.java:59) [YggdrasilMinecraftSessionService$1.class:?]
	at com.mojang.authlib.yggdrasil.YggdrasilMinecraftSessionService$1.load(YggdrasilMinecraftSessionService.java:56) [YggdrasilMinecraftSessionService$1.class:?]
	at com.google.common.cache.LocalCache$LoadingValueReference.loadFuture(LocalCache.java:3524) [guava-17.0.jar:?]
	at com.google.common.cache.LocalCache$Segment.loadSync(LocalCache.java:2317) [guava-17.0.jar:?]
	at com.google.common.cache.LocalCache$Segment.lockedGetOrLoad(LocalCache.java:2280) [guava-17.0.jar:?]
	at com.google.common.cache.LocalCache$Segment.get(LocalCache.java:2195) [guava-17.0.jar:?]
	at com.google.common.cache.LocalCache.get(LocalCache.java:3934) [guava-17.0.jar:?]
	at com.google.common.cache.LocalCache.getOrLoad(LocalCache.java:3938) [guava-17.0.jar:?]
	at com.google.common.cache.LocalCache$LocalLoadingCache.get(LocalCache.java:4821) [guava-17.0.jar:?]
	at com.google.common.cache.LocalCache$LocalLoadingCache.getUnchecked(LocalCache.java:4827) [guava-17.0.jar:?]
	at com.mojang.authlib.yggdrasil.YggdrasilMinecraftSessionService.fillProfileProperties(YggdrasilMinecraftSessionService.java:165) [YggdrasilMinecraftSessionService.class:?]
	at net.minecraft.client.Minecraft.func_181037_M(Minecraft.java:2915) [Minecraft.class:?]
	at net.minecraft.client.resources.SkinManager$3.run(SkinManager.java:130) [SkinManager$3.class:?]
	at java.util.concurrent.Executors$RunnableAdapter.call(Unknown Source) [?:1.8.0_31]
	at java.util.concurrent.FutureTask.run(Unknown Source) [?:1.8.0_31]
	at java.util.concurrent.ThreadPoolExecutor.runWorker(Unknown Source) [?:1.8.0_31]
	at java.util.concurrent.ThreadPoolExecutor$Worker.run(Unknown Source) [?:1.8.0_31]
	at java.lang.Thread.run(Unknown Source) [?:1.8.0_31]
Caused by: java.net.UnknownHostException: sessionserver.mojang.com
	at java.net.AbstractPlainSocketImpl.connect(Unknown Source) ~[?:1.8.0_31]
	at java.net.PlainSocketImpl.connect(Unknown Source) ~[?:1.8.0_31]
	at java.net.SocksSocketImpl.connect(Unknown Source) ~[?:1.8.0_31]
	at java.net.Socket.connect(Unknown Source) ~[?:1.8.0_31]
	at sun.security.ssl.SSLSocketImpl.connect(Unknown Source) ~[?:1.8.0_31]
	at sun.net.NetworkClient.doConnect(Unknown Source) ~[?:1.8.0_31]
	at sun.net.www.http.HttpClient.openServer(Unknown Source) ~[?:1.8.0_31]
	at sun.net.www.http.HttpClient.openServer(Unknown Source) ~[?:1.8.0_31]
	at sun.net.www.protocol.https.HttpsClient.<init>(Unknown Source) ~[?:1.8.0_31]
	at sun.net.www.protocol.https.HttpsClient.New(Unknown Source) ~[?:1.8.0_31]
	at sun.net.www.protocol.https.AbstractDelegateHttpsURLConnection.getNewHttpClient(Unknown Source) ~[?:1.8.0_31]
	at sun.net.www.protocol.http.HttpURLConnection.plainConnect0(Unknown Source) ~[?:1.8.0_31]
	at sun.net.www.protocol.http.HttpURLConnection$6.run(Unknown Source) ~[?:1.8.0_31]
	at sun.net.www.protocol.http.HttpURLConnection$6.run(Unknown Source) ~[?:1.8.0_31]
	at java.security.AccessController.doPrivileged(Native Method) ~[?:1.8.0_31]
	at java.security.AccessController.doPrivileged(Unknown Source) ~[?:1.8.0_31]
	at sun.net.www.protocol.http.HttpURLConnection.plainConnect(Unknown Source) ~[?:1.8.0_31]
	at sun.net.www.protocol.https.AbstractDelegateHttpsURLConnection.connect(Unknown Source) ~[?:1.8.0_31]
	at sun.net.www.protocol.http.HttpURLConnection.getInputStream0(Unknown Source) ~[?:1.8.0_31]
	at sun.net.www.protocol.http.HttpURLConnection.access$200(Unknown Source) ~[?:1.8.0_31]
	at sun.net.www.protocol.http.HttpURLConnection$9.run(Unknown Source) ~[?:1.8.0_31]
	at sun.net.www.protocol.http.HttpURLConnection$9.run(Unknown Source) ~[?:1.8.0_31]
	at java.security.AccessController.doPrivileged(Native Method) ~[?:1.8.0_31]
	at java.security.AccessController.doPrivileged(Unknown Source) ~[?:1.8.0_31]
	at sun.net.www.protocol.http.HttpURLConnection.getInputStream(Unknown Source) ~[?:1.8.0_31]
	at sun.net.www.protocol.https.HttpsURLConnectionImpl.getInputStream(Unknown Source) ~[?:1.8.0_31]
	at com.mojang.authlib.HttpAuthenticationService.performGetRequest(HttpAuthenticationService.java:126) ~[HttpAuthenticationService.class:?]
	at com.mojang.authlib.yggdrasil.YggdrasilAuthenticationService.makeRequest(YggdrasilAuthenticationService.java:54) ~[YggdrasilAuthenticationService.class:?]
	... 19 more
[20:02:17] [Server thread/WARN]: Can't keep up! Did the system time change, or is the server overloaded? Running 2023ms behind, skipping 40 tick(s)
[20:02:33] [Server thread/INFO]: Saving and pausing game...
[20:02:33] [Server thread/INFO]: Saving chunks for level 'Test 1'/Overworld
[20:02:33] [Server thread/INFO]: Saving chunks for level 'Test 1'/Nether
[20:02:33] [Server thread/INFO]: Saving chunks for level 'Test 1'/The End
[20:02:34] [Client thread/INFO]: Stopping!
[20:02:34] [Client thread/INFO]: SoundSystem shutting down...
[20:02:34] [Server thread/INFO]: Stopping server
[20:02:34] [Server thread/INFO]: Saving players
[20:02:34] [Server thread/INFO]: Saving worlds
[20:02:34] [Server thread/INFO]: Saving chunks for level 'Test 1'/Overworld
[20:02:34] [Server thread/INFO]: Saving chunks for level 'Test 1'/Nether
[20:02:34] [Server thread/INFO]: Saving chunks for level 'Test 1'/The End
[20:02:34] [Client thread/WARN]: Author: Paul Lamb, www.paulscode.com
[20:02:34] [Client Shutdown Thread/INFO]: Stopping server
[20:02:34] [Client Shutdown Thread/INFO]: Saving players
[20:02:34] [Client Shutdown Thread/INFO]: Saving worlds
[20:02:34] [Client Shutdown Thread/INFO]: Saving chunks for level 'Test 1'/Overworld
